running e2c t1509
variable x is redeclared on line 20
variable x is redeclared on line 27
variable x is redeclared on line 34
variable y is redeclared on line 41
compiling the C generated code
executing the a.out
forward x: a
1
12
10
12
101
12
102
12
103
12
104
12
105
12
106
12
107
12
108
12
forward x: c
-4
4444
22
4
20022
20023
-4
3
4444
22
4
20022
20023
3
1004
4444
22
4
20022
20023
1004
bottom forward x: c
-4
4444
22
84
85
4
84
85
20022
84
85
20023
84
85
-4
3
4444
22
84
85
4
84
85
20022
84
85
20023
84
85
3
1004
4444
22
84
85
4
84
85
20022
84
85
20023
84
85
1004
